Start testing: Feb 21 12:07 PST
----------------------------------------------------------
1/2 Testing: test_1
1/2 Test: test_1
Command: "/Users/miller86/ideas-ecp/TrainingCi4Ecp/build/bin/test_1"
Directory: /Users/miller86/ideas-ecp/TrainingCi4Ecp/build
"test_1" start time: Feb 21 12:07 PST
Output:
----------------------------------------------------------
Running main() from gtest_main.cc
[==========] Running 1 test from 1 test case.
[----------] Global test environment set-up.
[----------] 1 test from calc_pi
[ RUN      ] calc_pi.serial_example
[       OK ] calc_pi.serial_example (0 ms)
[----------] 1 test from calc_pi (0 ms total)

[----------] Global test environment tear-down
[==========] 1 test from 1 test case ran. (0 ms total)
[  PASSED  ] 1 test.
<end of output>
Test time =   0.00 sec
----------------------------------------------------------
Test Passed.
"test_1" end time: Feb 21 12:07 PST
"test_1" time elapsed: 00:00:00
----------------------------------------------------------

2/2 Testing: blt_gtest_smoke
2/2 Test: blt_gtest_smoke
Command: "/Users/miller86/ideas-ecp/TrainingCi4Ecp/build/tests/blt_gtest_smoke"
Directory: /Users/miller86/ideas-ecp/TrainingCi4Ecp/build/blt/tests/smoke
"blt_gtest_smoke" start time: Feb 21 12:07 PST
Output:
----------------------------------------------------------
Running main() from gtest_main.cc
[==========] Running 2 tests from 1 test case.
[----------] Global test environment set-up.
[----------] 2 tests from blt_gtest_smoke
[ RUN      ] blt_gtest_smoke.basic_assert_example
[       OK ] blt_gtest_smoke.basic_assert_example (0 ms)
[ RUN      ] blt_gtest_smoke.death_test
Note: Death tests disabled in this configuration.

[WARNING] /Users/miller86/ideas-ecp/TrainingCi4Ecp/blt/master_20Feb19/tests/smoke/blt_gtest_smoke.cpp:70:: Death tests are not supported on this platform.
Statement 'exit(1)' cannot be verified.
[       OK ] blt_gtest_smoke.death_test (0 ms)
[----------] 2 tests from blt_gtest_smoke (0 ms total)

[----------] Global test environment tear-down
[==========] 2 tests from 1 test case ran. (0 ms total)
[  PASSED  ] 2 tests.
<end of output>
Test time =   0.00 sec
----------------------------------------------------------
Test Passed.
"blt_gtest_smoke" end time: Feb 21 12:07 PST
"blt_gtest_smoke" time elapsed: 00:00:00
----------------------------------------------------------

End testing: Feb 21 12:07 PST
